<?xml version="1.0" encoding="UTF-8"?>
<!-- Generated by org.testng.reporters.JUnitReportReporter -->
<testsuite hostname="DESKTOP-V3O9M40" name="VenuesAutomation.EnableInviteforGrpmembers" tests="4" failures="0" timestamp="2 Jun 2019 18:52:24 GMT" time="6.643" errors="0">
  <testcase name="inviteinvalidGroup" time="1.664" classname="VenuesAutomation.EnableInviteforGrpmembers"/>
  <testcase name="enableInviteGroup" time="1.626" classname="VenuesAutomation.EnableInviteforGrpmembers"/>
  <testcase name="inviteinvalidOrganization" time="1.763" classname="VenuesAutomation.EnableInviteforGrpmembers"/>
  <testcase name="inviteinvalidToken" time="1.590" classname="VenuesAutomation.EnableInviteforGrpmembers"/>
</testsuite> <!-- VenuesAutomation.EnableInviteforGrpmembers -->
