<?xml version="1.0" encoding="UTF-8"?>
<!-- Generated by org.testng.reporters.JUnitReportReporter -->
<testsuite hostname="DESKTOP-V3O9M40" name="VenuesAutomation.CreateVenue" tests="3" failures="0" timestamp="2 Jun 2019 18:56:07 GMT" time="8.550" errors="0">
  <testcase name="invalidOrganization" time="1.588" classname="VenuesAutomation.CreateVenue"/>
  <testcase name="addVenue" time="5.384" classname="VenuesAutomation.CreateVenue"/>
  <testcase name="invalidToken" time="1.578" classname="VenuesAutomation.CreateVenue"/>
</testsuite> <!-- VenuesAutomation.CreateVenue -->
