<?xml version="1.0" encoding="UTF-8"?>
<!-- Generated by org.testng.reporters.JUnitReportReporter -->
<testsuite hostname="DESKTOP-V3O9M40" name="VenuesAutomation.CreateVenue" tests="3" failures="0" timestamp="3 Jun 2019 06:37:45 GMT" time="5.844" errors="0">
  <testcase name="addVenue" time="2.433" classname="VenuesAutomation.CreateVenue"/>
  <testcase name="invalidOrganization" time="1.737" classname="VenuesAutomation.CreateVenue"/>
  <testcase name="invalidToken" time="1.674" classname="VenuesAutomation.CreateVenue"/>
</testsuite> <!-- VenuesAutomation.CreateVenue -->
