<?xml version="1.0" encoding="UTF-8"?>
<!-- Generated by org.testng.reporters.JUnitReportReporter -->
<testsuite hostname="DESKTOP-V3O9M40" name="VenuesAutomation.GroupVenuePermission" tests="6" failures="0" timestamp="2 Jun 2019 15:49:58 GMT" time="10.023" errors="0">
  <testcase name="invalidToken" time="1.585" classname="VenuesAutomation.GroupVenuePermission"/>
  <testcase name="invalidGroup" time="1.589" classname="VenuesAutomation.GroupVenuePermission"/>
  <testcase name="invalidOrganization" time="1.859" classname="VenuesAutomation.GroupVenuePermission"/>
  <testcase name="invalidVenue" time="1.650" classname="VenuesAutomation.GroupVenuePermission"/>
  <testcase name="invalidRoles" time="1.631" classname="VenuesAutomation.GroupVenuePermission"/>
  <testcase name="MapAdminandVenue" time="1.709" classname="VenuesAutomation.GroupVenuePermission"/>
</testsuite> <!-- VenuesAutomation.GroupVenuePermission -->
