<?xml version="1.0" encoding="UTF-8"?>
<!-- Generated by org.testng.reporters.JUnitReportReporter -->
<testsuite hostname="DESKTOP-V3O9M40" name="VenuesAutomation.portalLogin" tests="2" failures="0" timestamp="2 Jun 2019 18:56:07 GMT" time="3.358" errors="0">
  <testcase name="invalidUserportalLogin" time="1.616" classname="VenuesAutomation.portalLogin"/>
  <testcase name="portalLogin" time="1.742" classname="VenuesAutomation.portalLogin"/>
</testsuite> <!-- VenuesAutomation.portalLogin -->
