<?xml version="1.0" encoding="UTF-8"?>
<!-- Generated by org.testng.reporters.JUnitReportReporter -->
<testsuite hostname="DESKTOP-V3O9M40" name="VenuesAutomation.portalLogin" tests="2" failures="0" timestamp="3 Jun 2019 06:37:45 GMT" time="4.040" errors="0">
  <testcase name="invalidUserportalLogin" time="2.119" classname="VenuesAutomation.portalLogin"/>
  <testcase name="portalLogin" time="1.921" classname="VenuesAutomation.portalLogin"/>
</testsuite> <!-- VenuesAutomation.portalLogin -->
