<?xml version="1.0" encoding="UTF-8"?>
<!-- Generated by org.testng.reporters.JUnitReportReporter -->
<testsuite hostname="DESKTOP-V3O9M40" name="VenuesAutomation.MapAdminWithVenue" tests="4" failures="0" timestamp="2 Jun 2019 18:56:07 GMT" time="7.810" errors="0">
  <testcase name="mapinvalidOrganization" time="1.577" classname="VenuesAutomation.MapAdminWithVenue"/>
  <testcase name="mapinvalidVenue" time="1.588" classname="VenuesAutomation.MapAdminWithVenue"/>
  <testcase name="MappingVenue" time="3.065" classname="VenuesAutomation.MapAdminWithVenue"/>
  <testcase name="mapinvalidToken" time="1.580" classname="VenuesAutomation.MapAdminWithVenue"/>
</testsuite> <!-- VenuesAutomation.MapAdminWithVenue -->
